<?xml version="1.0" encoding="utf-8"?><testsuites><testsuite name="pytest" errors="0" failures="1" skipped="1" tests="6" time="184.452" timestamp="2026-05-21T17:40:33.172213+03:00" hostname="wmdc043"><testcase classname="tests.test_production_units_crud_ui" name="test_production_units_page_opened[chromium]" time="25.990"><failure message="AssertionError: Locator expected to be visible&#10;Actual value: &lt;element(s) not found&gt; &#10;Call log:&#10;  - Expect &quot;to_be_visible&quot; with timeout 15000ms&#10;  - waiting for locator(&quot;table.MuiTable-root, .ant-table&quot;).first">tests\test_production_units_crud_ui.py:25: in test_production_units_page_opened
    production_units_page.assert_loaded()
tests\pages\production_units_page.py:49: in assert_loaded
    expect(self.page.locator("table.MuiTable-root, .ant-table").first).to_be_visible(timeout=15_000)
E   AssertionError: Locator expected to be visible
E   Actual value: &lt;element(s) not found&gt; 
E   Call log:
E     - Expect "to_be_visible" with timeout 15000ms
E     - waiting for locator("table.MuiTable-root, .ant-table").first</failure></testcase><testcase classname="tests.test_production_units_crud_ui" name="test_production_units_create_form_has_required_fields[chromium]" time="17.301" /><testcase classname="tests.test_production_units_crud_ui" name="test_production_units_create_cancel_if_available[chromium]" time="18.494"><skipped type="pytest.skip" message="Cancel на форме не найден — сценарий отмены не применим">C:\Users\roman.kunpan\Desktop\Cursor_project\tests\test_production_units_crud_ui.py:64: Cancel на форме не найден — сценарий отмены не применим</skipped></testcase><testcase classname="tests.test_production_units_crud_ui" name="test_production_units_table_visible[chromium]" time="8.842" /><testcase classname="tests.test_production_units_crud_ui" name="test_production_units_update_name_after_create[chromium]" time="49.053" /><testcase classname="tests.test_production_units_crud_ui" name="test_production_units_full_crud_destructive_flagged[chromium]" time="64.682" /></testsuite></testsuites>